#
# There is insufficient memory for the Java Runtime Environment to continue.
# Native memory allocation (mmap) failed to map 262144000 bytes for G1 virtual space
# Possible reasons:
#   The system is out of physical RAM or swap space
#   The process is running with CompressedOops enabled, and the Java Heap may be blocking the growth of the native heap
# Possible solutions:
#   Reduce memory load on the system
#   Increase physical memory or swap space
#   Check if swap backing store is full
#   Decrease Java heap size (-Xmx/-Xms)
#   Decrease number of Java threads
#   Decrease Java thread stack sizes (-Xss)
#   Set larger code cache with -XX:ReservedCodeCacheSize=
#   JVM is running with Zero Based Compressed Oops mode in which the Java heap is
#     placed in the first 32GB address space. The Java Heap base address is the
#     maximum limit for the native heap growth. Please use -XX:HeapBaseMinAddress
#     to set the Java Heap base and to place the Java Heap above 32GB virtual address.
# This output file may be truncated or incomplete.
#
#  Out of Memory Error (os_windows.cpp:3466), pid=29980, tid=3380
#
# JRE version:  (16.0.2+7) (build )
# Java VM: OpenJDK 64-Bit Server VM (16.0.2+7-67, mixed mode, sharing, tiered, compressed oops, compressed class ptrs, g1 gc, windows-amd64)
# No core dump will be written. Minidumps are not enabled by default on client versions of Windows
#

---------------  S U M M A R Y ------------

Command Line: C:\Users\deepak05\AppData\Local\Temp\surefire5479474347511829224\surefirebooter8467123026834749476.jar C:\Users\deepak05\AppData\Local\Temp\surefire5479474347511829224 2021-11-20T12-07-00_645-jvmRun1 surefire4397551331549676573tmp surefire_016323870670469316208tmp

Host: Intel(R) Core(TM) i5-10310U CPU @ 1.70GHz, 8 cores, 15G,  Windows 10 , 64 bit Build 19041 (10.0.19041.1348)
Time: Sat Nov 20 12:07:00 2021 India Standard Time elapsed time: 0.009790 seconds (0d 0h 0m 0s)

---------------  T H R E A D  ---------------

Current thread (0x000001cfdc459640):  JavaThread "Unknown thread" [_thread_in_vm, id=3380, stack(0x0000007471b00000,0x0000007471c00000)]

Stack: [0x0000007471b00000,0x0000007471c00000]
Native frames: (J=compiled Java code, j=interpreted, Vv=VM code, C=native code)
V  [jvm.dll+0x6681ca]
V  [jvm.dll+0x7c9e69]
V  [jvm.dll+0x7cb61e]
V  [jvm.dll+0x7cbc73]
V  [jvm.dll+0x242c55]
V  [jvm.dll+0x664f89]
V  [jvm.dll+0x659b75]
V  [jvm.dll+0x2fbfbb]
V  [jvm.dll+0x3031b6]
V  [jvm.dll+0x35299e]
V  [jvm.dll+0x352bcf]
V  [jvm.dll+0x2d3028]
V  [jvm.dll+0x2d4264]
V  [jvm.dll+0x79c741]
V  [jvm.dll+0x360791]
V  [jvm.dll+0x77a3f0]
V  [jvm.dll+0x3e4e8f]
V  [jvm.dll+0x3e6961]
C  [jli.dll+0x52fb]
C  [ucrtbase.dll+0x21bb2]
C  [KERNEL32.DLL+0x17034]
C  [ntdll.dll+0x52651]


---------------  P R O C E S S  ---------------

Threads class SMR info:
_java_thread_list=0x00007ffb5ea2cbb8, length=0, elements={
}

Java Threads: ( => current thread )

Other Threads:
  0x000001cfdc4aa740 GCTaskThread "GC Thread#0" [stack: 0x0000007471c00000,0x0000007471d00000] [id=13880]
  0x000001cfdc4bc250 ConcurrentGCThread "G1 Main Marker" [stack: 0x0000007471d00000,0x0000007471e00000] [id=11628]
  0x000001cfdc4bd4e0 ConcurrentGCThread "G1 Conc#0" [stack: 0x0000007471e00000,0x0000007471f00000] [id=6936]

[error occurred during error reporting (printing all threads), id 0xc0000005, EXCEPTION_ACCESS_VIOLATION (0xc0000005) at pc=0x00007ffb5e203ee7]

VM state: not at safepoint (not fully initialized)

VM Mutex/Monitor currently owned by a thread:  ([mutex/lock_event])
[0x000001cfdc456bc0] Heap_lock - owner thread: 0x000001cfdc459640

Heap address: 0x0000000706400000, size: 3996 MB, Compressed Oops mode: Zero based, Oop shift amount: 3

CDS archive(s) mapped at: [0x0000000000000000-0x0000000000000000-0x0000000000000000), size 0, SharedBaseAddress: 0x0000000800000000, ArchiveRelocationMode: 0.
Narrow klass base: 0x0000000000000000, Narrow klass shift: 0, Narrow klass range: 0x0

GC Precious Log:
<Empty>

Heap:
 garbage-first heap   total 0K, used 0K [0x0000000706400000, 0x0000000800000000)
  region size 2048K, 0 young (0K), 0 survivors (0K)

[error occurred during error reporting (printing heap information), id 0xc0000005, EXCEPTION_ACCESS_VIOLATION (0xc0000005) at pc=0x00007ffb5e5e1eed]

GC Heap History (0 events):
No events

Deoptimization events (0 events):
No events

Classes unloaded (0 events):
No events

Classes redefined (0 events):
No events

Internal exceptions (0 events):
No events

Events (1 events):
Event: 0.006 Loaded shared library C:\Users\deepak05\.p2\pool\plugins\org.eclipse.justj.openjdk.hotspot.jre.full.win32.x86_64_16.0.2.v20210721-1149\jre\bin\java.dll


Dynamic libraries:
0x00007ff6286c0000 - 0x00007ff6286ce000 	C:\Users\deepak05\.p2\pool\plugins\org.eclipse.justj.openjdk.hotspot.jre.full.win32.x86_64_16.0.2.v20210721-1149\jre\bin\java.exe
0x00007ffbebef0000 - 0x00007ffbec0e5000 	C:\Windows\SYSTEM32\ntdll.dll
0x00007ffbea0e0000 - 0x00007ffbea19e000 	C:\Windows\System32\KERNEL32.DLL
0x00007ffbe97a0000 - 0x00007ffbe9a68000 	C:\Windows\System32\KERNELBASE.dll
0x00007ffbe96a0000 - 0x00007ffbe97a0000 	C:\Windows\System32\ucrtbase.dll
0x00007ffbdcf60000 - 0x00007ffbdcf78000 	C:\Users\deepak05\.p2\pool\plugins\org.eclipse.justj.openjdk.hotspot.jre.full.win32.x86_64_16.0.2.v20210721-1149\jre\bin\jli.dll
0x00007ffbca2e0000 - 0x00007ffbca2f9000 	C:\Users\deepak05\.p2\pool\plugins\org.eclipse.justj.openjdk.hotspot.jre.full.win32.x86_64_16.0.2.v20210721-1149\jre\bin\VCRUNTIME140.dll
0x00007ffbce9c0000 - 0x00007ffbcec5a000 	C:\Windows\WinSxS\amd64_microsoft.windows.common-controls_6595b64144ccf1df_6.0.19041.1110_none_60b5254171f9507e\COMCTL32.dll
0x00007ffbea570000 - 0x00007ffbea711000 	C:\Windows\System32\USER32.dll
0x00007ffbea010000 - 0x00007ffbea0ae000 	C:\Windows\System32\msvcrt.dll
0x00007ffbe9610000 - 0x00007ffbe9632000 	C:\Windows\System32\win32u.dll
0x00007ffbeab10000 - 0x00007ffbeab3b000 	C:\Windows\System32\GDI32.dll
0x00007ffbe9a70000 - 0x00007ffbe9b7b000 	C:\Windows\System32\gdi32full.dll
0x00007ffbe9bd0000 - 0x00007ffbe9c6d000 	C:\Windows\System32\msvcp_win.dll
0x00007ffbea0b0000 - 0x00007ffbea0e0000 	C:\Windows\System32\IMM32.DLL
0x00007ffbdcba0000 - 0x00007ffbdcbac000 	C:\Users\deepak05\.p2\pool\plugins\org.eclipse.justj.openjdk.hotspot.jre.full.win32.x86_64_16.0.2.v20210721-1149\jre\bin\vcruntime140_1.dll
0x00007ffb85c00000 - 0x00007ffb85c91000 	C:\Users\deepak05\.p2\pool\plugins\org.eclipse.justj.openjdk.hotspot.jre.full.win32.x86_64_16.0.2.v20210721-1149\jre\bin\msvcp140.dll
0x00007ffb5df20000 - 0x00007ffb5eacb000 	C:\Users\deepak05\.p2\pool\plugins\org.eclipse.justj.openjdk.hotspot.jre.full.win32.x86_64_16.0.2.v20210721-1149\jre\bin\server\jvm.dll
0x00007ffbea4b0000 - 0x00007ffbea55c000 	C:\Windows\System32\ADVAPI32.dll
0x00007ffbea280000 - 0x00007ffbea31b000 	C:\Windows\System32\sechost.dll
0x00007ffbeb900000 - 0x00007ffbeba2a000 	C:\Windows\System32\RPCRT4.dll
0x00007ffbea560000 - 0x00007ffbea568000 	C:\Windows\System32\PSAPI.DLL
0x00007ffbdedc0000 - 0x00007ffbdedc9000 	C:\Windows\SYSTEM32\WSOCK32.dll
0x00007ffbdf8b0000 - 0x00007ffbdf8ba000 	C:\Windows\SYSTEM32\VERSION.dll
0x00007ffbd4710000 - 0x00007ffbd4737000 	C:\Windows\SYSTEM32\WINMM.dll
0x00007ffbea210000 - 0x00007ffbea27b000 	C:\Windows\System32\WS2_32.dll
0x00007ffbe7eb0000 - 0x00007ffbe7ec2000 	C:\Windows\SYSTEM32\kernel.appcore.dll
0x00007ffbdf090000 - 0x00007ffbdf09a000 	C:\Users\deepak05\.p2\pool\plugins\org.eclipse.justj.openjdk.hotspot.jre.full.win32.x86_64_16.0.2.v20210721-1149\jre\bin\jimage.dll
0x00007ffbe42a0000 - 0x00007ffbe4484000 	C:\Windows\SYSTEM32\DBGHELP.DLL
0x00007ffbddfa0000 - 0x00007ffbddfcc000 	C:\Windows\SYSTEM32\dbgcore.DLL
0x00007ffbe9c70000 - 0x00007ffbe9cf3000 	C:\Windows\System32\bcryptPrimitives.dll
0x00007ffbd8910000 - 0x00007ffbd8935000 	C:\Users\deepak05\.p2\pool\plugins\org.eclipse.justj.openjdk.hotspot.jre.full.win32.x86_64_16.0.2.v20210721-1149\jre\bin\java.dll

dbghelp: loaded successfully - version: 4.0.5 - missing functions: none
symbol engine: initialized successfully - sym options: 0x614 - pdb path: .;C:\Users\deepak05\.p2\pool\plugins\org.eclipse.justj.openjdk.hotspot.jre.full.win32.x86_64_16.0.2.v20210721-1149\jre\bin;C:\Windows\SYSTEM32;C:\Windows\WinSxS\amd64_microsoft.windows.common-controls_6595b64144ccf1df_6.0.19041.1110_none_60b5254171f9507e;C:\Users\deepak05\.p2\pool\plugins\org.eclipse.justj.openjdk.hotspot.jre.full.win32.x86_64_16.0.2.v20210721-1149\jre\bin\server

VM Arguments:
java_command: C:\Users\deepak05\AppData\Local\Temp\surefire5479474347511829224\surefirebooter8467123026834749476.jar C:\Users\deepak05\AppData\Local\Temp\surefire5479474347511829224 2021-11-20T12-07-00_645-jvmRun1 surefire4397551331549676573tmp surefire_016323870670469316208tmp
java_class_path (initial): C:\Users\deepak05\AppData\Local\Temp\surefire5479474347511829224\surefirebooter8467123026834749476.jar
Launcher Type: SUN_STANDARD

[Global flags]
     intx CICompilerCount                          = 4                                         {product} {ergonomic}
     uint ConcGCThreads                            = 2                                         {product} {ergonomic}
     uint G1ConcRefinementThreads                  = 8                                         {product} {ergonomic}
   size_t G1HeapRegionSize                         = 2097152                                   {product} {ergonomic}
    uintx GCDrainStackTargetSize                   = 64                                        {product} {ergonomic}
   size_t InitialHeapSize                          = 262144000                                 {product} {ergonomic}
   size_t MarkStackSize                            = 4194304                                   {product} {ergonomic}
   size_t MaxHeapSize                              = 4190109696                                {product} {ergonomic}
   size_t MinHeapDeltaBytes                        = 2097152                                   {product} {ergonomic}
   size_t MinHeapSize                              = 8388608                                   {product} {ergonomic}
    uintx NonNMethodCodeHeapSize                   = 5839372                                {pd product} {ergonomic}
    uintx NonProfiledCodeHeapSize                  = 122909434                              {pd product} {ergonomic}
    uintx ProfiledCodeHeapSize                     = 122909434                              {pd product} {ergonomic}
    uintx ReservedCodeCacheSize                    = 251658240                              {pd product} {ergonomic}
     bool SegmentedCodeCache                       = true                                      {product} {ergonomic}
   size_t SoftMaxHeapSize                          = 4190109696                             {manageable} {ergonomic}
     bool UseCompressedClassPointers               = true                           {product lp64_product} {ergonomic}
     bool UseCompressedOops                        = true                           {product lp64_product} {ergonomic}
     bool UseG1GC                                  = true                                      {product} {ergonomic}
     bool UseLargePagesIndividualAllocation        = false                                  {pd product} {ergonomic}

Logging:
Log output configuration:
 #0: stdout all=warning uptime,level,tags
 #1: stderr all=off uptime,level,tags

Environment Variables:
JAVA_HOME=C:\jdk-11
PATH=C:/Users/deepak05/.p2/pool/plugins/org.eclipse.justj.openjdk.hotspot.jre.full.win32.x86_64_16.0.2.v20210721-1149/jre/bin/server;C:/Users/deepak05/.p2/pool/plugins/org.eclipse.justj.openjdk.hotspot.jre.full.win32.x86_64_16.0.2.v20210721-1149/jre/bin;C:\Python39\Scripts\;C:\Python39\;C:\Windows\system32;C:\Windows;C:\Windows\System32\Wbem;C:\Windows\System32\WindowsPowerShell\v1.0\;C:\Windows\System32\OpenSSH\;C:\Program Files\TortoiseSVN\bin;C:\Program Files\nodejs\;C:\ProgramData\chocolatey\bin;C:\jdk-11\bin;C:\Program Files (x86)\PuTTY\;C:\Users\deepak05\AppData\Local\Microsoft\WindowsApps;C:\Users\deepak05\AppData\Local\GitHubDesktop\bin;C:\Users\deepak05\AppData\Local\Programs\Git\cmd;C:\Users\deepak05\AppData\Local\Programs\Microsoft VS Code\bin;C:\Users\deepak05\AppData\Roaming\npm;D:\NAGP\softwares\kafka_2.12-3.0.0\kafka_2.12-3.0.0\bin;C:\Program Files\erl-24.1\bin;C:\flutter_windows_2.5.3-stable\flutter\bin;;C:\Windows\system32;
USERNAME=deepak05
OS=Windows_NT
PROCESSOR_IDENTIFIER=Intel64 Family 6 Model 142 Stepping 12, GenuineIntel



---------------  S Y S T E M  ---------------

OS:
 Windows 10 , 64 bit Build 19041 (10.0.19041.1348)
OS uptime: 3 days 19:11 hours

CPU: total 8 (initial active 8) (4 cores per cpu, 2 threads per core) family 6 model 142 stepping 12 microcode 0xde, cx8, cmov, fxsr, ht, mmx, 3dnowpref, sse, sse2, sse3, ssse3, sse4.1, sse4.2, popcnt, lzcnt, tsc, tscinvbit, avx, avx2, aes, erms, clmul, bmi1, bmi2, adx, fma, vzeroupper, clflush, clflushopt

Memory: 4k page, system-wide physical 15980M (1381M free)
TotalPageFile size 33338M (AvailPageFile size 241M)
current process WorkingSet (physical memory assigned to process): 10M, peak: 10M
current process commit charge ("private bytes"): 60M, peak: 309M

vm_info: OpenJDK 64-Bit Server VM (16.0.2+7-67) for windows-amd64 JRE (16.0.2+7-67), built on Jun  8 2021 23:21:43 by "mach5one" with MS VC++ 16.7 (VS2019)

END.
